***Introduce yourself effectively, especially in a professional setting, you can use the following structure based on your experience:

1. Greeting and Name:

"Hi, I'm Ganesh Aher."



2. Professional Title and Experience:

"I am a results-driven React Native Developer with over 2 years of experience in building cross-platform mobile applications."



3. Core Expertise:

"I specialize in creating responsive and user-centric apps with React Native, JavaScript (ES6+), and Redux, with a focus on performance optimization and delivering seamless user experiences."



4. Achievements and Skills:

"I have successfully led the design, development, and deployment of mobile applications, collaborating closely with cross-functional teams to deliver high-quality features within deadlines. My key skills include using tools like React Native CLI, Firebase, RESTful APIs, and implementing CI/CD pipelines."



5. Current Role and Objective:

"Currently, I’m working as a Software Engineer at Club Mahindra, where I’ve been optimizing app performance and enhancing features. I am always looking to improve my skills and contribute to innovative projects."



6. Closing Statement:

"I'm excited to continue developing cutting-edge mobile solutions and would love to connect with others in the field."




This structure helps you to present yourself clearly and professionally in any introduction scenario.



***Describing a resort application, you can structure the details as follows:

1. App Overview:

"The resort application is designed to enhance the guest experience by providing comprehensive resort details, booking options, and various on-site services in one platform."



2. Key Features:

Resort Details: "The app provides detailed information about the resort, including room types, amenities, dining options, and recreational activities."

Booking System: "Guests can easily book rooms and services directly from the app. The app integrates with the resort's booking system to offer real-time availability and secure payment options."

Activity Schedules: "It includes daily activity schedules, allowing guests to book spots for resort activities like yoga classes, water sports, and guided tours."

Notifications: "Guests receive push notifications about special offers, upcoming events, and reservation reminders."

Customer Support: "24/7 customer support is available through in-app chat or call, allowing guests to resolve issues or request additional services quickly."



3. Unique Selling Points (USP):

Interactive Maps: "The app provides an interactive map of the resort, helping guests easily navigate the property and find points of interest like restaurants, pools, and event locations."

Personalized Recommendations: "The app offers personalized recommendations for activities and dining based on the guest's preferences and past behaviors."

Seamless Integration: "It integrates with loyalty programs, allowing guests to earn and redeem rewards directly through the app."



4. Technical Aspects:

"The app is built using React Native for a smooth cross-platform experience, ensuring it performs seamlessly on both iOS and Android devices. It is optimized for speed and user experience, providing quick access to essential resort features."



5. User Benefits:

"Guests can plan and enhance their stay with ease, access important resort information anytime, and manage their bookings in a single, user-friendly application."



***You can describe recent features you developed for the resort application as follows:

1. Booking System Enhancement:

"I recently worked on optimizing the booking system by integrating real-time room availability checks and a smoother payment gateway, allowing guests to make bookings and payments without delays."



2. Activity Scheduler:

"I developed a feature where guests can view and book resort activities, such as yoga classes, spa appointments, or guided tours, through an interactive daily schedule that syncs with the resort’s internal management system."



3. Push Notification System:

"I implemented a push notification feature to alert guests about special promotions, upcoming activities, and reservation reminders, increasing guest engagement and participation in resort events."



4. Interactive Resort Map:

"I developed an interactive map that helps guests navigate the resort, showcasing key amenities, dining locations, and activities with easy-to-follow directions. This has improved the guest experience, especially for new visitors."



5. User Profile and Loyalty Program:

"I introduced a user profile section that allows guests to track their bookings and points in the resort’s loyalty program, providing personalized recommendations and offers based on their preferences."



6. Multilingual Support:

"To cater to international guests, I added multilingual support to the app, enabling users to switch between languages effortlessly."




These are examples of impactful features that improve both guest experience and operational efficiency in a resort application. Feel free to adapt or expand based on the actual work you've done recently!
***Here’s how you can describe challenges faced while developing features for the resort application and how you overcame them:

1. Challenge: Booking System Optimization

Issue: "One challenge was integrating the real-time room availability feature while ensuring that the booking process remained fast and smooth, even during peak times when there were many concurrent users."

Solution: "I addressed this by implementing caching techniques and optimizing API calls. I also used a background task to update availability status without affecting the user interface, ensuring a seamless booking experience."


2. Challenge: Handling Notifications Without Spamming

Issue: "The push notification system had to be engaging but not overwhelming, and the challenge was finding the right balance between delivering timely updates and avoiding spammy behavior."

Solution: "I developed a notification preference center within the app, allowing users to opt in for specific notifications, such as offers or event reminders. I also limited the frequency of notifications using backend scheduling to avoid overloading users with too many alerts."


3. Challenge: Integrating the Interactive Map

Issue: "The resort map feature required smooth zooming, panning, and high interactivity, which led to performance issues on lower-end devices."

Solution: "I optimized the map by using vector graphics instead of raster images, reducing the memory footprint. Additionally, I implemented lazy loading, where parts of the map loaded progressively as needed, improving performance without compromising the experience."


4. Challenge: Multilingual Support

Issue: "Adding multilingual support was tricky because the app had to handle a dynamic range of languages, including those with special characters and different reading directions (e.g., Arabic)."

Solution: "To overcome this, I used the i18n internationalization framework, ensuring proper text rendering and layout adjustments for languages like Arabic. I also thoroughly tested each language to ensure a seamless transition between them."


5. Challenge: Real-Time Activity Scheduling

Issue: "When building the activity scheduler, synchronizing real-time availability across multiple devices was challenging, especially when changes were made simultaneously by different users."

Solution: "I implemented WebSockets for real-time updates, which allowed all users to see activity availability in real-time. This reduced booking conflicts and improved the reliability of the scheduler."


6. Challenge: Performance Optimization

Issue: "The app was slowing down with more features being added, especially during heavy user activity such as high booking traffic or during events."

Solution: "I used profiling tools like Flipper and Reactotron to identify bottlenecks. I also implemented performance enhancements by lazy loading components, optimizing image sizes, and using Hermes, a JavaScript engine, to improve loading times."


By explaining the challenges and solutions in this way, you show problem-solving skills, technical proficiency, and the ability to think critically while delivering features that improve the user experience.



***To implement push notifications in a React Native app, you can follow these detailed steps. Below is a simple example using Firebase Cloud Messaging (FCM), which is a popular service for sending push notifications.

1. Set Up Firebase Project

Go to the Firebase Console.

Create a new project and add your iOS and Android apps.

Download the google-services.json (for Android) and GoogleService-Info.plist (for iOS) files, and include them in your respective project folders.


2. Install Required Packages

Install the necessary libraries for handling push notifications:

npm install @react-native-firebase/app @react-native-firebase/messaging

If you are using iOS, install the pods:

cd ios/ && pod install && cd ..

3. Configure Android for FCM

Place the google-services.json file in your Android app directory.

Add the following to your android/build.gradle:

dependencies {
   classpath 'com.google.gms:google-services:4.3.10'
}

Modify your android/app/build.gradle:

apply plugin: 'com.google.gms.google-services'


4. Configure iOS for FCM

Add the GoogleService-Info.plist file to your iOS project in Xcode.

Add Firebase SDK to your Podfile:

pod 'Firebase/Messaging'

Enable background modes in Xcode (Background fetch and Remote notifications).


5. Requesting Notification Permission

You need to ask the user for permission to send notifications:

import messaging from '@react-native-firebase/messaging';

async function requestUserPermission() {
  const authStatus = await messaging().requestPermission();
  const enabled =
    authStatus === messaging.AuthorizationStatus.AUTHORIZED ||
    authStatus === messaging.AuthorizationStatus.PROVISIONAL;

  if (enabled) {
    console.log('Authorization status:', authStatus);
  }
}

Call this function when the app starts (e.g., inside useEffect in your main component).

6. Handling Notification Messages

You can handle both foreground and background messages using Firebase.

Foreground Notifications:

When the app is running and in the foreground, listen for incoming messages:

useEffect(() => {
  const unsubscribe = messaging().onMessage(async remoteMessage => {
    console.log('A new FCM message arrived!', JSON.stringify(remoteMessage));
    // Show an alert or push notification
  });

  return unsubscribe;
}, []);

Background and Quit State Notifications:

Use the following code to handle messages received while the app is in the background or killed:

messaging().setBackgroundMessageHandler(async remoteMessage => {
  console.log('Message handled in the background!', remoteMessage);
});

7. Sending Notifications from Firebase Console

To test the push notifications:

Go to the Firebase Console.

Navigate to Cloud Messaging.

Create a new message, select the target app, and add the notification details.

Send the notification and check if it appears on your device.


8. React Native Notification Display

You can display the notification within the app using an alert or by triggering a custom UI component when a message arrives.

Example:

import { Alert } from 'react-native';

messaging().onMessage(async remoteMessage => {
  Alert.alert('New Notification!', remoteMessage.notification.body);
});

9. Handling Token Refresh

Each device has a unique token that may change over time, especially after app reinstallation. You need to handle token refreshes to keep sending notifications:

messaging()
  .getToken()
  .then(token => {
    console.log('Device FCM Token:', token);
    // Save this token to your server to send notifications to this device
  });

messaging().onTokenRefresh(token => {
  console.log('New token:', token);
  // Update token on your server if required
});

10. Sending Notifications via Server

To send notifications programmatically, you can use Firebase Cloud Messaging's REST API. Example:

Send Notification via Postman:

URL: https://fcm.googleapis.com/fcm/send

Method: POST

Headers:

Authorization: key=YOUR_SERVER_KEY

Content-Type: application/json


Body:

{
  "to": "DEVICE_FCM_TOKEN",
  "notification": {
    "title": "New Offer!",
    "body": "Get 20% off on your next booking."
  },
  "data": {
    "customData": "Some value"
  }
}


This sends a notification to the device with the specified FCM token.

Full Example:

import React, { useEffect } from 'react';
import { View, Text, Button, Alert } from 'react-native';
import messaging from '@react-native-firebase/messaging';

export default function App() {
  useEffect(() => {
    // Request permission
    requestUserPermission();

    // Foreground message listener
    const unsubscribe = messaging().onMessage(async remoteMessage => {
      Alert.alert('New FCM Message', remoteMessage.notification.body);
    });

    return unsubscribe;
  }, []);

  const requestUserPermission = async () => {
    const authStatus = await messaging().requestPermission();
    if (authStatus === messaging.AuthorizationStatus.AUTHORIZED) {
      console.log('FCM authorization granted.');
    }
  };

  return (
    <View style={{ flex: 1, justifyContent: 'center', alignItems: 'center' }}>
      <Text>Push Notification Example</Text>
    </View>
  );
}

Conclusion:

By following these steps, you can implement push notifications in a React Native application using Firebase Cloud Messaging (FCM). This example demonstrates how to handle both foreground and background messages, request permissions, and send notifications from Firebase or a server.

***React Native, like React, follows the concept of component life cycle methods, which represent the different stages a component goes through during its existence. Understanding these methods is crucial for managing the component's behavior, side effects, and state. These methods can be divided into three phases: Mounting, Updating, and Unmounting.

1. Mounting Phase

This phase occurs when a component is being created and inserted into the DOM. The main lifecycle methods involved in mounting are:

a. constructor()

When it's called: Before the component is mounted.

Purpose:

It’s used to initialize the component's state and bind class methods.

Avoid using side effects here.


constructor(props) {
  super(props);
  this.state = { counter: 0 };
}


b. static getDerivedStateFromProps(props, state)

When it's called: Right before render().

Purpose:

To update the state based on changes in props.

This is a static method, meaning it doesn’t have access to this.


static getDerivedStateFromProps(props, state) {
  if (props.someValue !== state.someValue) {
    return { someValue: props.someValue };
  }
  return null;
}


c. render()

When it's called: During the mounting process.

Purpose:

It’s responsible for returning the JSX that represents the component UI.

Pure, meaning it should not contain side effects like API calls.


render() {
  return (
    <View>
      <Text>Hello, World!</Text>
    </View>
  );
}


d. componentDidMount()

When it's called: After the component is rendered and mounted into the DOM.

Purpose:

Ideal for side effects like API calls, setting up subscriptions, and updating the DOM.


componentDidMount() {
  // Fetch data from an API or start a timer
  this.fetchData();
}



---

2. Updating Phase

This phase occurs when the component's state or props change, leading to a re-render. The key lifecycle methods involved are:

a. static getDerivedStateFromProps()

When it's called: Same as in the mounting phase, but also when props change during updates.


b. shouldComponentUpdate(nextProps, nextState)

When it's called: Before the re-render.

Purpose:

Allows you to optimize performance by preventing unnecessary re-renders.

Returns true by default but can return false to prevent re-rendering.


shouldComponentUpdate(nextProps, nextState) {
  return nextState.counter !== this.state.counter;
}


c. render()

When it's called: On every update, same as in the mounting phase.

Purpose: Render the updated component.


d. getSnapshotBeforeUpdate(prevProps, prevState)

When it's called: Right before changes from the DOM are reflected.

Purpose:

Useful for capturing information from the DOM (e.g., scroll position) before the update.


getSnapshotBeforeUpdate(prevProps, prevState) {
  if (prevProps.listLength < this.props.listLength) {
    return this.listRef.scrollHeight;
  }
  return null;
}


e. componentDidUpdate(prevProps, prevState, snapshot)

When it's called: After the component's updates are flushed to the DOM.

Purpose:

Ideal for handling side effects such as network requests based on state changes.


componentDidUpdate(prevProps, prevState) {
  if (prevState.counter !== this.state.counter) {
    this.fetchNewData();
  }
}



---

3. Unmounting Phase

This phase occurs when the component is about to be removed from the DOM. The primary lifecycle method involved is:

a. componentWillUnmount()

When it's called: Right before the component is removed.

Purpose:

Clean up side effects such as timers, subscriptions, or event listeners to avoid memory leaks.


componentWillUnmount() {
  clearInterval(this.timer);
  // Clean up subscriptions
  this.unsubscribe();
}



---

4. Error Handling Phase

These methods catch errors during rendering or in lifecycle methods.

a. static getDerivedStateFromError(error)

When it's called: When an error is thrown in a child component.

Purpose:

Update the state to display a fallback UI.


static getDerivedStateFromError(error) {
  return { hasError: true };
}


b. componentDidCatch(error, info)

When it's called: After an error is thrown in the rendering process.

Purpose:

Log error details or send them to an error-tracking service.


componentDidCatch(error, info) {
  logErrorToService(error, info);
}



---

Example Combining Lifecycle Methods:

import React from 'react';
import { View, Text } from 'react-native';

class ExampleComponent extends React.Component {
  constructor(props) {
    super(props);
    this.state = {
      counter: 0
    };
    console.log('Constructor');
  }

  static getDerivedStateFromProps(nextProps, prevState) {
    console.log('getDerivedStateFromProps');
    return null;
  }

  componentDidMount() {
    console.log('Component Did Mount');
    // Ideal place to fetch data
  }

  shouldComponentUpdate(nextProps, nextState) {
    console.log('Should Component Update');
    return true; // Return false to avoid re-rendering
  }

  getSnapshotBeforeUpdate(prevProps, prevState) {
    console.log('Get Snapshot Before Update');
    return null; // Snapshot value passed to componentDidUpdate
  }

  componentDidUpdate(prevProps, prevState, snapshot) {
    console.log('Component Did Update');
    // Handle side effects like updating data
  }

  componentWillUnmount() {
    console.log('Component Will Unmount');
    // Clean up (e.g., clear timers or unsubscribe)
  }

  render() {
    console.log('Render');
    return (
      <View>
        <Text>Counter: {this.state.counter}</Text>
      </View>
    );
  }
}

export default ExampleComponent;

Conclusion:

React Native lifecycle methods help you manage different stages of a component’s existence, allowing you to perform actions such as initializing data, handling updates efficiently, and cleaning up resources. Understanding and using them correctly is key to building high-performance, maintainable apps.


***Hooks in React (and React Native) are functions that let you use state and other React features in functional components, eliminating the need for class components in many cases. Introduced in React 16.8, hooks allow you to perform side effects, manage state, and handle lifecycle events in a simpler and more concise way.

Common Hooks in React:

1. useState

The useState hook allows you to add state to functional components.

Usage:

import React, { useState } from 'react';
const Example = () => {
  const [count, setCount] = useState(0);

  return (
    <div>
      <p>Count: {count}</p>
      <button onClick={() => setCount(count + 1)}>Increment</button>
    </div>
  );
};

Explanation:

useState initializes a state variable (count) and provides a setter function (setCount) to update that state.

When setCount is called, the component re-renders with the new state value.



2. useEffect

The useEffect hook allows you to perform side effects (e.g., data fetching, DOM manipulation) in functional components.

Usage:

import React, { useEffect } from 'react';
const Example = () => {
  useEffect(() => {
    document.title = "Component Mounted";

    return () => {
      document.title = "Component Unmounted";
    };
  }, []);

  return <div>Hello, World!</div>;
};

Explanation:

The first argument is the effect function, which runs after the component mounts or updates.

The second argument is a dependency array, determining when the effect should run. If it's an empty array ([]), the effect only runs once, similar to componentDidMount.

The effect can return a cleanup function (like componentWillUnmount), which runs when the component is unmounted.



3. useContext

The useContext hook allows you to use the React Context API in functional components, which helps in passing data down the component tree without using props.

Usage:

const ThemeContext = React.createContext();

const Example = () => {
  const theme = useContext(ThemeContext);
  return <div style={{ background: theme.background, color: theme.color }}>Themed Component</div>;
};

Explanation:

useContext subscribes to the nearest context provider and gets the context value directly without needing to wrap child components.



4. useReducer

The useReducer hook is used to manage complex state logic, similar to Redux.

Usage:

const reducer = (state, action) => {
  switch (action.type) {
    case 'increment':
      return { count: state.count + 1 };
    case 'decrement':
      return { count: state.count - 1 };
    default:
      return state;
  }
};

const Example = () => {
  const [state, dispatch] = useReducer(reducer, { count: 0 });

  return (
    <div>
      <p>Count: {state.count}</p>
      <button onClick={() => dispatch({ type: 'increment' })}>Increment</button>
      <button onClick={() => dispatch({ type: 'decrement' })}>Decrement</button>
    </div>
  );
};

Explanation:

useReducer accepts a reducer function and an initial state. The reducer takes the current state and an action, and returns the new state.

dispatch is used to send an action to the reducer to update the state.



5. useRef

The useRef hook provides a way to persist values between renders without causing re-renders (like a mutable container) and also to directly manipulate DOM elements.

Usage:

import React, { useRef } from 'react';

const Example = () => {
  const inputRef = useRef(null);

  const focusInput = () => {
    inputRef.current.focus();
  };

  return (
    <div>
      <input ref={inputRef} type="text" />
      <button onClick={focusInput}>Focus Input</button>
    </div>
  );
};

Explanation:

useRef returns an object with a current property that holds the reference value.

It is commonly used to reference DOM elements or store mutable values.



6. useMemo

The useMemo hook allows you to memoize expensive computations, only recalculating the value when its dependencies change.

Usage:

import React, { useMemo, useState } from 'react';

const Example = () => {
  const [count, setCount] = useState(0);

  const expensiveCalculation = (num) => {
    console.log('Calculating...');
    return num * 2;
  };

  const result = useMemo(() => expensiveCalculation(count), [count]);

  return (
    <div>
      <p>Count: {count}</p>
      <p>Result: {result}</p>
      <button onClick={() => setCount(count + 1)}>Increment</button>
    </div>
  );
};

Explanation:

useMemo caches the result of an expensive calculation and only recomputes it when the dependencies change. This improves performance by avoiding unnecessary recalculations.



7. useCallback

The useCallback hook returns a memoized callback function, which helps in preventing unnecessary re-renders of child components or passing the same function reference.

Usage:

import React, { useCallback, useState } from 'react';

const Example = () => {
  const [count, setCount] = useState(0);

  const increment = useCallback(() => {
    setCount(count + 1);
  }, [count]);

  return (
    <div>
      <p>Count: {count}</p>
      <button onClick={increment}>Increment</button>
    </div>
  );
};

Explanation:

useCallback ensures that the function reference stays the same between renders unless the dependencies change. This helps prevent unnecessary re-renders of child components that rely on the function.




---

Custom Hooks:

You can create custom hooks by combining existing hooks. A custom hook is simply a JavaScript function that starts with use and allows you to reuse logic across different components.

Example:

import { useState, useEffect } from 'react';

const useFetchData = (url) => {
  const [data, setData] = useState(null);

  useEffect(() => {
    fetch(url)
      .then((response) => response.json())
      .then((data) => setData(data));
  }, [url]);

  return data;
};

const ExampleComponent = () => {
  const data = useFetchData('https://jsonplaceholder.typicode.com/posts');

  return <div>{data ? data[0].title : 'Loading...'}</div>;
};

Explanation:

The useFetchData custom hook encapsulates data fetching logic and can be reused in multiple components.




---

Summary of Hooks:

useState: Adds state to functional components.

useEffect: Manages side effects (e.g., data fetching, subscriptions).

useContext: Consumes context values.

useReducer: Manages complex state logic with reducers.

useRef: Provides a mutable ref object and manipulates DOM elements.

useMemo: Memoizes expensive calculations.

useCallback: Memoizes callback functions to avoid unnecessary re-renders.


Hooks simplify how we manage state and side effects, improving code readability and maintainability in React and React Native applications.


****Making a React Native app responsive involves designing and implementing layouts that adapt to different screen sizes, orientations, and devices. Here are some techniques to achieve responsiveness in React Native:

1. Use Flexbox

Flexbox is a layout system that allows you to create flexible and responsive layouts.


jsx
import { View, StyleSheet } from 'react-native';

const styles = StyleSheet.create({
  container: {
    flex: 1,
    flexDirection: 'row',
    justifyContent: 'space-between',
    alignItems: 'center',
  },
});


2. Percentage-based dimensions

Use percentage-based dimensions to set widths and heights relative to the screen size.


jsx
import { View, StyleSheet, Dimensions } from 'react-native';

const screenWidth = Dimensions.get('window').width;
const screenHeight = Dimensions.get('window').height;

const styles = StyleSheet.create({
  container: {
    width: screenWidth * 0.8,
    height: screenHeight * 0.6,
  },
});


3. Adaptive layouts

Use the Dimensions API to detect screen size and orientation changes, and adjust layouts accordingly.


jsx
import { View, StyleSheet, Dimensions } from 'react-native';

const screenWidth = Dimensions.get('window').width;
const screenHeight = Dimensions.get('window').height;

const styles = StyleSheet.create({
  container: {
    width: screenWidth > screenHeight ? '80%' : '90%',
    height: screenWidth > screenHeight ? '60%' : '80%',
  },
});


4. Responsive fonts

Use scalable font sizes to ensure text remains readable across different screen sizes.


jsx
import { Text, StyleSheet } from 'react-native';

const styles = StyleSheet.create({
  text: {
    fontSize: 16,
    lineHeight: 24,
  },
});


5. Media queries

Use media queries to apply different styles based on screen size, orientation, or device type.


jsx
import { StyleSheet, Platform } from 'react-native';

const styles = StyleSheet.create({
  container: {
    ...Platform.select({
      ios: {
        padding: 20,
      },
      android: {
        padding: 10,
      },
    }),
  },
});


6. Use responsive components

Utilize responsive components like ScrollView, FlatList, and SectionList to handle scrolling and layout.


jsx
import { ScrollView, View, StyleSheet } from 'react-native';

const styles = StyleSheet.create({
  container: {
    flex: 1,
  },
});

const MyComponent = () => {
  return (
    <ScrollView style={styles.container}>
      {/* Content */}
    </ScrollView>
  );
};


7. Avoid absolute positioning

Prefer relative positioning to ensure layouts adapt to different screen sizes.

8. Test on multiple devices

Verify your app's responsiveness on various devices and emulators.

9. Use libraries

Leverage libraries like react-native-responsive-screen, react-native-size-matters, or react-native-dimensions to simplify responsive design.

By applying these techniques, you'll create a responsive React Native app that looks great on various devices.

Would you like more information on responsive design or React Native best practices?


***Here is a table comparing the differences between `FlatList` and `SectionList` in React Native:

| **Feature**              | **FlatList**                               | **SectionList**                               |
|--------------------------|--------------------------------------------|----------------------------------------------|
| **Purpose**              | Renders a simple, flat list of items.      | Renders a grouped or sectioned list of items. |
| **Data Structure**       | Expects a single array of items.           | Expects an array of sections, each with its own data array. |
| **Headers/Footers**      | Supports list-wide headers/footers only.   | Supports headers and footers for each section. |
| **Rendering**            | Renders items in a continuous list.        | Renders items grouped under section headers, each section can have its own header and footer. |
| **Use Case**             | Simple lists (e.g., products, messages).   | Grouped lists (e.g., contacts by alphabet, events by date). |
| **Rendering Headers**    | Not applicable for individual items.       | Renders section headers (e.g., category or date titles). |
| **Rendering Footers**    | Can render footer for the entire list.     | Can render footer for each section individually. |
| **Scrolling Performance**| Suitable for large lists due to virtualization. | Also optimized for large, sectioned lists using virtualization. |

This comparison highlights the core differences between the two components, particularly in terms of how they handle data structures and headers/footers.